生成启动时间为 2016/12/27 11:52:51。
     1>项目“C:\Users\HUANG YU JUAN\Documents\Visual Studio 2013\Projects\viewmorphing\viewmorphing\viewmorphing.vcxproj”在节点 2 上(Build 个目标)。
     1>ClCompile:
         C:\Program Files (x86)\Microsoft Visual Studio 12.0\VC\bin\CL.exe /c /IC:\eigen3 /IC:\opencv\build\include /ZI /nologo /W3 /WX- /sdl /Od /Oy- /D _MBCS /Gm /EHsc /RTC1 /MDd /GS /fp:precise /Zc:wchar_t /Zc:forScope /Fo"Debug\\" /Fd"Debug\vc120.pdb" /Gd /TP /analyze- /errorReport:prompt viewmorphing.cpp
         viewmorphing.cpp
     1>c:\users\huang yu juan\documents\visual studio 2013\projects\viewmorphing\viewmorphing\viewmorphing.cpp(149): warning C4244: “=”: 从“double”转换到“int”，可能丢失数据
     1>c:\users\huang yu juan\documents\visual studio 2013\projects\viewmorphing\viewmorphing\viewmorphing.cpp(150): warning C4244: “=”: 从“double”转换到“int”，可能丢失数据
     1>c:\users\huang yu juan\documents\visual studio 2013\projects\viewmorphing\viewmorphing\viewmorphing.cpp(173): warning C4244: “=”: 从“int”转换到“float”，可能丢失数据
     1>c:\users\huang yu juan\documents\visual studio 2013\projects\viewmorphing\viewmorphing\viewmorphing.cpp(174): warning C4244: “=”: 从“int”转换到“float”，可能丢失数据
     1>c:\users\huang yu juan\documents\visual studio 2013\projects\viewmorphing\viewmorphing\viewmorphing.cpp(177): warning C4244: “=”: 从“int”转换到“float”，可能丢失数据
     1>c:\users\huang yu juan\documents\visual studio 2013\projects\viewmorphing\viewmorphing\viewmorphing.cpp(178): warning C4244: “=”: 从“int”转换到“float”，可能丢失数据
     1>c:\users\huang yu juan\documents\visual studio 2013\projects\viewmorphing\viewmorphing\viewmorphing.cpp(202): warning C4244: “=”: 从“double”转换到“float”，可能丢失数据
     1>c:\users\huang yu juan\documents\visual studio 2013\projects\viewmorphing\viewmorphing\viewmorphing.cpp(204): warning C4258: “i”: 忽略 For 循环中的定义；使用封闭范围中的定义
                 c:\users\huang yu juan\documents\visual studio 2013\projects\viewmorphing\viewmorphing\viewmorphing.cpp(200) : 忽略“i”的定义
                 c:\users\huang yu juan\documents\visual studio 2013\projects\viewmorphing\viewmorphing\viewmorphing.cpp(198) : 使用“i”的定义
     1>c:\users\huang yu juan\documents\visual studio 2013\projects\viewmorphing\viewmorphing\viewmorphing.cpp(205): warning C4258: “i”: 忽略 For 循环中的定义；使用封闭范围中的定义
                 c:\users\huang yu juan\documents\visual studio 2013\projects\viewmorphing\viewmorphing\viewmorphing.cpp(200) : 忽略“i”的定义
                 c:\users\huang yu juan\documents\visual studio 2013\projects\viewmorphing\viewmorphing\viewmorphing.cpp(198) : 使用“i”的定义
     1>c:\users\huang yu juan\documents\visual studio 2013\projects\viewmorphing\viewmorphing\viewmorphing.cpp(206): warning C4258: “i”: 忽略 For 循环中的定义；使用封闭范围中的定义
                 c:\users\huang yu juan\documents\visual studio 2013\projects\viewmorphing\viewmorphing\viewmorphing.cpp(200) : 忽略“i”的定义
                 c:\users\huang yu juan\documents\visual studio 2013\projects\viewmorphing\viewmorphing\viewmorphing.cpp(198) : 使用“i”的定义
     1>c:\users\huang yu juan\documents\visual studio 2013\projects\viewmorphing\viewmorphing\viewmorphing.cpp(207): warning C4258: “i”: 忽略 For 循环中的定义；使用封闭范围中的定义
                 c:\users\huang yu juan\documents\visual studio 2013\projects\viewmorphing\viewmorphing\viewmorphing.cpp(200) : 忽略“i”的定义
                 c:\users\huang yu juan\documents\visual studio 2013\projects\viewmorphing\viewmorphing\viewmorphing.cpp(198) : 使用“i”的定义
     1>c:\users\huang yu juan\documents\visual studio 2013\projects\viewmorphing\viewmorphing\viewmorphing.cpp(208): warning C4258: “i”: 忽略 For 循环中的定义；使用封闭范围中的定义
                 c:\users\huang yu juan\documents\visual studio 2013\projects\viewmorphing\viewmorphing\viewmorphing.cpp(200) : 忽略“i”的定义
                 c:\users\huang yu juan\documents\visual studio 2013\projects\viewmorphing\viewmorphing\viewmorphing.cpp(198) : 使用“i”的定义
     1>c:\users\huang yu juan\documents\visual studio 2013\projects\viewmorphing\viewmorphing\viewmorphing.cpp(209): warning C4258: “i”: 忽略 For 循环中的定义；使用封闭范围中的定义
                 c:\users\huang yu juan\documents\visual studio 2013\projects\viewmorphing\viewmorphing\viewmorphing.cpp(200) : 忽略“i”的定义
                 c:\users\huang yu juan\documents\visual studio 2013\projects\viewmorphing\viewmorphing\viewmorphing.cpp(198) : 使用“i”的定义
     1>c:\users\huang yu juan\documents\visual studio 2013\projects\viewmorphing\viewmorphing\viewmorphing.cpp(213): warning C4258: “i”: 忽略 For 循环中的定义；使用封闭范围中的定义
                 c:\users\huang yu juan\documents\visual studio 2013\projects\viewmorphing\viewmorphing\viewmorphing.cpp(200) : 忽略“i”的定义
                 c:\users\huang yu juan\documents\visual studio 2013\projects\viewmorphing\viewmorphing\viewmorphing.cpp(198) : 使用“i”的定义
     1>c:\users\huang yu juan\documents\visual studio 2013\projects\viewmorphing\viewmorphing\viewmorphing.cpp(214): warning C4258: “i”: 忽略 For 循环中的定义；使用封闭范围中的定义
                 c:\users\huang yu juan\documents\visual studio 2013\projects\viewmorphing\viewmorphing\viewmorphing.cpp(200) : 忽略“i”的定义
                 c:\users\huang yu juan\documents\visual studio 2013\projects\viewmorphing\viewmorphing\viewmorphing.cpp(198) : 使用“i”的定义
     1>c:\users\huang yu juan\documents\visual studio 2013\projects\viewmorphing\viewmorphing\viewmorphing.cpp(215): warning C4258: “i”: 忽略 For 循环中的定义；使用封闭范围中的定义
                 c:\users\huang yu juan\documents\visual studio 2013\projects\viewmorphing\viewmorphing\viewmorphing.cpp(200) : 忽略“i”的定义
                 c:\users\huang yu juan\documents\visual studio 2013\projects\viewmorphing\viewmorphing\viewmorphing.cpp(198) : 使用“i”的定义
     1>c:\users\huang yu juan\documents\visual studio 2013\projects\viewmorphing\viewmorphing\viewmorphing.cpp(217): warning C4258: “i”: 忽略 For 循环中的定义；使用封闭范围中的定义
                 c:\users\huang yu juan\documents\visual studio 2013\projects\viewmorphing\viewmorphing\viewmorphing.cpp(200) : 忽略“i”的定义
                 c:\users\huang yu juan\documents\visual studio 2013\projects\viewmorphing\viewmorphing\viewmorphing.cpp(198) : 使用“i”的定义
     1>c:\users\huang yu juan\documents\visual studio 2013\projects\viewmorphing\viewmorphing\viewmorphing.cpp(306): warning C4244: “参数”: 从“double”转换到“float”，可能丢失数据
     1>c:\users\huang yu juan\documents\visual studio 2013\projects\viewmorphing\viewmorphing\viewmorphing.cpp(332): warning C4244: “参数”: 从“double”转换到“float”，可能丢失数据
     1>c:\users\huang yu juan\documents\visual studio 2013\projects\viewmorphing\viewmorphing\viewmorphing.cpp(411): warning C4018: “<”: 有符号/无符号不匹配
     1>c:\program files (x86)\microsoft visual studio 12.0\vc\include\utility(166): warning C4244: “=”: 从“float”转换到“int”，可能丢失数据
                 c:\users\huang yu juan\documents\visual studio 2013\projects\viewmorphing\viewmorphing\viewmorphing.cpp(416): 参见对正在编译的函数 模板 实例化“std::pair<int,int> &std::pair<int,int>::operator =<float,float>(std::pair<float,float> &&)”的引用
                 c:\users\huang yu juan\documents\visual studio 2013\projects\viewmorphing\viewmorphing\viewmorphing.cpp(416): 参见对正在编译的函数 模板 实例化“std::pair<int,int> &std::pair<int,int>::operator =<float,float>(std::pair<float,float> &&)”的引用
     1>c:\program files (x86)\microsoft visual studio 12.0\vc\include\utility(167): warning C4244: “=”: 从“float”转换到“int”，可能丢失数据
       Link:
         C:\Program Files (x86)\Microsoft Visual Studio 12.0\VC\bin\link.exe /ERRORREPORT:PROMPT /OUT:"C:\Users\HUANG YU JUAN\Documents\Visual Studio 2013\Projects\viewmorphing\Debug\viewmorphing.exe" /INCREMENTAL /NOLOGO /LIBPATH:C:\opencv\build\x86\vc12\lib opencv_imgproc249d.lib opencv_calib3d249d.lib opencv_contrib249d.lib opencv_core249d.lib opencv_features2d249d.lib opencv_flann249d.lib opencv_gpu249d.lib opencv_highgui249d.lib opencv_legacy249d.lib opencv_ml249d.lib opencv_nonfree249d.lib opencv_objdetect249d.lib opencv_ocl249d.lib opencv_photo249d.lib opencv_stitching249d.lib opencv_superres249d.lib opencv_ts249d.lib opencv_video249d.lib opencv_videostab249d.lib kernel32.lib user32.lib gdi32.lib winspool.lib comdlg32.lib advapi32.lib shell32.lib ole32.lib oleaut32.lib uuid.lib odbc32.lib odbccp32.lib /MANIFEST /MANIFESTUAC:"level='asInvoker' uiAccess='false'" /manifest:embed /DEBUG /PDB:"C:\Users\HUANG YU JUAN\Documents\Visual Studio 2013\Projects\viewmorphing\Debug\viewmorphing.pdb" /TLBID:1 /DYNAMICBASE /NXCOMPAT /IMPLIB:"C:\Users\HUANG YU JUAN\Documents\Visual Studio 2013\Projects\viewmorphing\Debug\viewmorphing.lib" /MACHINE:X86 Debug\viewmorphing.obj
         viewmorphing.vcxproj -> C:\Users\HUANG YU JUAN\Documents\Visual Studio 2013\Projects\viewmorphing\Debug\viewmorphing.exe
     1>已完成生成项目“C:\Users\HUANG YU JUAN\Documents\Visual Studio 2013\Projects\viewmorphing\viewmorphing\viewmorphing.vcxproj”(Build 个目标)的操作。

生成成功。

已用时间 00:00:03.33
